========================================
  LABEL : amazon
  URL   : https://www.amazon.com
  IPs   : 52.84.229.201 2600:9000:2003:4400:7:49a5:5fd6:da1 2600:9000:2003:2200:7:49a5:5fd6:da1 2600:9000:2003:ec00:7:49a5:5fd6:da1 2600:9000:2003:1000:7:49a5:5fd6:da1 2600:9000:2003:1c00:7:49a5:5fd6:da1 2600:9000:2003:6400:7:49a5:5fd6:da1 2600:9000:2003:ee00:7:49a5:5fd6:da1 2600:9000:2003:5800:7:49a5:5fd6:da1
  START : 2026-02-22 05:59:10
========================================
  [DNS] Resolving IPs for: www.amazon.com
  [DNS] IPv4: 52.84.229.201 
  [DNS] IPv6: 2600:9000:2003:7e00:7:49a5:5fd6:da1 2600:9000:2003:ce00:7:49a5:5fd6:da1 2600:9000:2003:2400:7:49a5:5fd6:da1 2600:9000:2003:1e00:7:49a5:5fd6:da1 2600:9000:2003:a00:7:49a5:5fd6:da1 2600:9000:2003:5e00:7:49a5:5fd6:da1 2600:9000:2003:e600:7:49a5:5fd6:da1 2600:9000:2003:c000:7:49a5:5fd6:da1 
  [BPF] Filter: (tcp or udp) and (host 52.84.229.201 or host 2600:9000:2003:7e00:7:49a5:5fd6:da1 or host 2600:9000:2003:ce00:7:49a5:5fd6:da1 or host 2600:9000:2003:2400:7:49a5:5fd6:da1 or host 2600:9000:2003:1e00:7:49a5:5fd6:da1 or host 2600:9000:2003:a00:7:49a5:5fd6:da1 or host 2600:9000:2003:5e00:7:49a5:5fd6:da1 or host 2600:9000:2003:e600:7:49a5:5fd6:da1 or host 2600:9000:2003:c000:7:49a5:5fd6:da1)

============================================
  Website Fingerprinting — Traffic Capture
============================================
  Label     : amazon
  URL       : https://www.amazon.com
  Hostname  : www.amazon.com
  Traces    : 50
  Duration  : 30s per trace
  Interface : en0
  Output    : /Users/samiurprrapon/Documents/2026/Fahim/final_project/data/experiment/capture_files
============================================

[*] Trace 1/50 → amazon_trace001.pcap
[+] Saved: amazon_trace001.pcap  (30 packets)
    Cooling down for 5s...

[*] Trace 2/50 → amazon_trace002.pcap
[+] Saved: amazon_trace002.pcap  (30 packets)
    Cooling down for 5s...

[*] Trace 3/50 → amazon_trace003.pcap
[+] Saved: amazon_trace003.pcap  (29 packets)
    Cooling down for 5s...

[*] Trace 4/50 → amazon_trace004.pcap
[+] Saved: amazon_trace004.pcap  (32 packets)
    Cooling down for 5s...

[*] Trace 5/50 → amazon_trace005.pcap
[+] Saved: amazon_trace005.pcap  (30 packets)
    Cooling down for 5s...

[*] Trace 6/50 → amazon_trace006.pcap
[+] Saved: amazon_trace006.pcap  (29 packets)
    Cooling down for 5s...

[*] Trace 7/50 → amazon_trace007.pcap
[+] Saved: amazon_trace007.pcap  (30 packets)
    Cooling down for 5s...

[*] Trace 8/50 → amazon_trace008.pcap
[+] Saved: amazon_trace008.pcap  (31 packets)
    Cooling down for 5s...

[*] Trace 9/50 → amazon_trace009.pcap
[+] Saved: amazon_trace009.pcap  (30 packets)
    Cooling down for 5s...

[*] Trace 10/50 → amazon_trace010.pcap
[+] Saved: amazon_trace010.pcap  (29 packets)
    Cooling down for 5s...

[*] Trace 11/50 → amazon_trace011.pcap
[+] Saved: amazon_trace011.pcap  (29 packets)
    Cooling down for 5s...

[*] Trace 12/50 → amazon_trace012.pcap
[+] Saved: amazon_trace012.pcap  (29 packets)
    Cooling down for 5s...

[*] Trace 13/50 → amazon_trace013.pcap
[+] Saved: amazon_trace013.pcap  (31 packets)
    Cooling down for 5s...

[*] Trace 14/50 → amazon_trace014.pcap
[+] Saved: amazon_trace014.pcap  (29 packets)
    Cooling down for 5s...

[*] Trace 15/50 → amazon_trace015.pcap
[+] Saved: amazon_trace015.pcap  (32 packets)
    Cooling down for 5s...

[*] Trace 16/50 → amazon_trace016.pcap
[+] Saved: amazon_trace016.pcap  (31 packets)
    Cooling down for 5s...

[*] Trace 17/50 → amazon_trace017.pcap
[+] Saved: amazon_trace017.pcap  (30 packets)
    Cooling down for 5s...

[*] Trace 18/50 → amazon_trace018.pcap
[+] Saved: amazon_trace018.pcap  (31 packets)
    Cooling down for 5s...

[*] Trace 19/50 → amazon_trace019.pcap
[+] Saved: amazon_trace019.pcap  (33 packets)
    Cooling down for 5s...

[*] Trace 20/50 → amazon_trace020.pcap
[+] Saved: amazon_trace020.pcap  (31 packets)
    Cooling down for 5s...

[*] Trace 21/50 → amazon_trace021.pcap
[+] Saved: amazon_trace021.pcap  (31 packets)
    Cooling down for 5s...

[*] Trace 22/50 → amazon_trace022.pcap
[+] Saved: amazon_trace022.pcap  (31 packets)
    Cooling down for 5s...

[*] Trace 23/50 → amazon_trace023.pcap
[+] Saved: amazon_trace023.pcap  (30 packets)
    Cooling down for 5s...

[*] Trace 24/50 → amazon_trace024.pcap
[+] Saved: amazon_trace024.pcap  (32 packets)
    Cooling down for 5s...

[*] Trace 25/50 → amazon_trace025.pcap
[+] Saved: amazon_trace025.pcap  (32 packets)
    Cooling down for 5s...

[*] Trace 26/50 → amazon_trace026.pcap
[+] Saved: amazon_trace026.pcap  (31 packets)
    Cooling down for 5s...

[*] Trace 27/50 → amazon_trace027.pcap
[+] Saved: amazon_trace027.pcap  (32 packets)
    Cooling down for 5s...

[*] Trace 28/50 → amazon_trace028.pcap
[+] Saved: amazon_trace028.pcap  (32 packets)
    Cooling down for 5s...

[*] Trace 29/50 → amazon_trace029.pcap
[+] Saved: amazon_trace029.pcap  (27 packets)
    Cooling down for 5s...

[*] Trace 30/50 → amazon_trace030.pcap
[+] Saved: amazon_trace030.pcap  (30 packets)
    Cooling down for 5s...

[*] Trace 31/50 → amazon_trace031.pcap
[+] Saved: amazon_trace031.pcap  (31 packets)
    Cooling down for 5s...

[*] Trace 32/50 → amazon_trace032.pcap
[+] Saved: amazon_trace032.pcap  (30 packets)
    Cooling down for 5s...

[*] Trace 33/50 → amazon_trace033.pcap
[+] Saved: amazon_trace033.pcap  (30 packets)
    Cooling down for 5s...

[*] Trace 34/50 → amazon_trace034.pcap
[+] Saved: amazon_trace034.pcap  (29 packets)
    Cooling down for 5s...

[*] Trace 35/50 → amazon_trace035.pcap
[+] Saved: amazon_trace035.pcap  (31 packets)
    Cooling down for 5s...

[*] Trace 36/50 → amazon_trace036.pcap
[+] Saved: amazon_trace036.pcap  (29 packets)
    Cooling down for 5s...

[*] Trace 37/50 → amazon_trace037.pcap
[+] Saved: amazon_trace037.pcap  (29 packets)
    Cooling down for 5s...

[*] Trace 38/50 → amazon_trace038.pcap
[+] Saved: amazon_trace038.pcap  (31 packets)
    Cooling down for 5s...

[*] Trace 39/50 → amazon_trace039.pcap
[+] Saved: amazon_trace039.pcap  (31 packets)
    Cooling down for 5s...

[*] Trace 40/50 → amazon_trace040.pcap
[+] Saved: amazon_trace040.pcap  (30 packets)
    Cooling down for 5s...

[*] Trace 41/50 → amazon_trace041.pcap
[+] Saved: amazon_trace041.pcap  (32 packets)
    Cooling down for 5s...

[*] Trace 42/50 → amazon_trace042.pcap
[+] Saved: amazon_trace042.pcap  (30 packets)
    Cooling down for 5s...

[*] Trace 43/50 → amazon_trace043.pcap
[+] Saved: amazon_trace043.pcap  (31 packets)
    Cooling down for 5s...

[*] Trace 44/50 → amazon_trace044.pcap
[+] Saved: amazon_trace044.pcap  (32 packets)
    Cooling down for 5s...

[*] Trace 45/50 → amazon_trace045.pcap
[+] Saved: amazon_trace045.pcap  (28 packets)
    Cooling down for 5s...

[*] Trace 46/50 → amazon_trace046.pcap
[+] Saved: amazon_trace046.pcap  (30 packets)
    Cooling down for 5s...

[*] Trace 47/50 → amazon_trace047.pcap
[+] Saved: amazon_trace047.pcap  (31 packets)
    Cooling down for 5s...

[*] Trace 48/50 → amazon_trace048.pcap
[+] Saved: amazon_trace048.pcap  (31 packets)
    Cooling down for 5s...

[*] Trace 49/50 → amazon_trace049.pcap
[+] Saved: amazon_trace049.pcap  (32 packets)
    Cooling down for 5s...

[*] Trace 50/50 → amazon_trace050.pcap
[+] Saved: amazon_trace050.pcap  (31 packets)

[✓] Capture complete — 50 traces saved for 'amazon'
    → /Users/samiurprrapon/Documents/2026/Fahim/final_project/data/experiment/capture_files

  RESULT: SUCCESS — 50/50 traces collected
  END   : 2026-02-22 06:28:49
========================================
