========================================
  LABEL : github
  URL   : https://www.github.com
  IPs   : 20.205.243.166
  START : 2026-02-22 05:29:41
========================================
  [DNS] Resolving IPs for: www.github.com
  [DNS] IPv4: 20.205.243.166 
  [DNS] IPv6:  
  [BPF] Filter: (tcp or udp) and (host 20.205.243.166)

============================================
  Website Fingerprinting — Traffic Capture
============================================
  Label     : github
  URL       : https://www.github.com
  Hostname  : www.github.com
  Traces    : 50
  Duration  : 30s per trace
  Interface : en0
  Output    : /Users/samiurprrapon/Documents/2026/Fahim/final_project/data/experiment/capture_files
============================================

[*] Trace 1/50 → github_trace001.pcap
[+] Saved: github_trace001.pcap  (28 packets)
    Cooling down for 5s...

[*] Trace 2/50 → github_trace002.pcap
[+] Saved: github_trace002.pcap  (25 packets)
    Cooling down for 5s...

[*] Trace 3/50 → github_trace003.pcap
[+] Saved: github_trace003.pcap  (27 packets)
    Cooling down for 5s...

[*] Trace 4/50 → github_trace004.pcap
[+] Saved: github_trace004.pcap  (28 packets)
    Cooling down for 5s...

[*] Trace 5/50 → github_trace005.pcap
[+] Saved: github_trace005.pcap  (29 packets)
    Cooling down for 5s...

[*] Trace 6/50 → github_trace006.pcap
[+] Saved: github_trace006.pcap  (29 packets)
    Cooling down for 5s...

[*] Trace 7/50 → github_trace007.pcap
[+] Saved: github_trace007.pcap  (28 packets)
    Cooling down for 5s...

[*] Trace 8/50 → github_trace008.pcap
[+] Saved: github_trace008.pcap  (28 packets)
    Cooling down for 5s...

[*] Trace 9/50 → github_trace009.pcap
[+] Saved: github_trace009.pcap  (26 packets)
    Cooling down for 5s...

[*] Trace 10/50 → github_trace010.pcap
[+] Saved: github_trace010.pcap  (28 packets)
    Cooling down for 5s...

[*] Trace 11/50 → github_trace011.pcap
[+] Saved: github_trace011.pcap  (27 packets)
    Cooling down for 5s...

[*] Trace 12/50 → github_trace012.pcap
[+] Saved: github_trace012.pcap  (27 packets)
    Cooling down for 5s...

[*] Trace 13/50 → github_trace013.pcap
[+] Saved: github_trace013.pcap  (27 packets)
    Cooling down for 5s...

[*] Trace 14/50 → github_trace014.pcap
[+] Saved: github_trace014.pcap  (29 packets)
    Cooling down for 5s...

[*] Trace 15/50 → github_trace015.pcap
[+] Saved: github_trace015.pcap  (27 packets)
    Cooling down for 5s...

[*] Trace 16/50 → github_trace016.pcap
[+] Saved: github_trace016.pcap  (28 packets)
    Cooling down for 5s...

[*] Trace 17/50 → github_trace017.pcap
[+] Saved: github_trace017.pcap  (28 packets)
    Cooling down for 5s...

[*] Trace 18/50 → github_trace018.pcap
[+] Saved: github_trace018.pcap  (27 packets)
    Cooling down for 5s...

[*] Trace 19/50 → github_trace019.pcap
[+] Saved: github_trace019.pcap  (27 packets)
    Cooling down for 5s...

[*] Trace 20/50 → github_trace020.pcap
[+] Saved: github_trace020.pcap  (28 packets)
    Cooling down for 5s...

[*] Trace 21/50 → github_trace021.pcap
[+] Saved: github_trace021.pcap  (28 packets)
    Cooling down for 5s...

[*] Trace 22/50 → github_trace022.pcap
[+] Saved: github_trace022.pcap  (26 packets)
    Cooling down for 5s...

[*] Trace 23/50 → github_trace023.pcap
[+] Saved: github_trace023.pcap  (28 packets)
    Cooling down for 5s...

[*] Trace 24/50 → github_trace024.pcap
[+] Saved: github_trace024.pcap  (28 packets)
    Cooling down for 5s...

[*] Trace 25/50 → github_trace025.pcap
[+] Saved: github_trace025.pcap  (27 packets)
    Cooling down for 5s...

[*] Trace 26/50 → github_trace026.pcap
[+] Saved: github_trace026.pcap  (29 packets)
    Cooling down for 5s...

[*] Trace 27/50 → github_trace027.pcap
[+] Saved: github_trace027.pcap  (28 packets)
    Cooling down for 5s...

[*] Trace 28/50 → github_trace028.pcap
[+] Saved: github_trace028.pcap  (27 packets)
    Cooling down for 5s...

[*] Trace 29/50 → github_trace029.pcap
[+] Saved: github_trace029.pcap  (28 packets)
    Cooling down for 5s...

[*] Trace 30/50 → github_trace030.pcap
[+] Saved: github_trace030.pcap  (28 packets)
    Cooling down for 5s...

[*] Trace 31/50 → github_trace031.pcap
[+] Saved: github_trace031.pcap  (28 packets)
    Cooling down for 5s...

[*] Trace 32/50 → github_trace032.pcap
[+] Saved: github_trace032.pcap  (26 packets)
    Cooling down for 5s...

[*] Trace 33/50 → github_trace033.pcap
[+] Saved: github_trace033.pcap  (28 packets)
    Cooling down for 5s...

[*] Trace 34/50 → github_trace034.pcap
[+] Saved: github_trace034.pcap  (27 packets)
    Cooling down for 5s...

[*] Trace 35/50 → github_trace035.pcap
[+] Saved: github_trace035.pcap  (28 packets)
    Cooling down for 5s...

[*] Trace 36/50 → github_trace036.pcap
[+] Saved: github_trace036.pcap  (28 packets)
    Cooling down for 5s...

[*] Trace 37/50 → github_trace037.pcap
[+] Saved: github_trace037.pcap  (28 packets)
    Cooling down for 5s...

[*] Trace 38/50 → github_trace038.pcap
[+] Saved: github_trace038.pcap  (29 packets)
    Cooling down for 5s...

[*] Trace 39/50 → github_trace039.pcap
[+] Saved: github_trace039.pcap  (28 packets)
    Cooling down for 5s...

[*] Trace 40/50 → github_trace040.pcap
[+] Saved: github_trace040.pcap  (28 packets)
    Cooling down for 5s...

[*] Trace 41/50 → github_trace041.pcap
[+] Saved: github_trace041.pcap  (28 packets)
    Cooling down for 5s...

[*] Trace 42/50 → github_trace042.pcap
[+] Saved: github_trace042.pcap  (28 packets)
    Cooling down for 5s...

[*] Trace 43/50 → github_trace043.pcap
[+] Saved: github_trace043.pcap  (27 packets)
    Cooling down for 5s...

[*] Trace 44/50 → github_trace044.pcap
[+] Saved: github_trace044.pcap  (28 packets)
    Cooling down for 5s...

[*] Trace 45/50 → github_trace045.pcap
[+] Saved: github_trace045.pcap  (29 packets)
    Cooling down for 5s...

[*] Trace 46/50 → github_trace046.pcap
[+] Saved: github_trace046.pcap  (27 packets)
    Cooling down for 5s...

[*] Trace 47/50 → github_trace047.pcap
[+] Saved: github_trace047.pcap  (28 packets)
    Cooling down for 5s...

[*] Trace 48/50 → github_trace048.pcap
[+] Saved: github_trace048.pcap  (26 packets)
    Cooling down for 5s...

[*] Trace 49/50 → github_trace049.pcap
[+] Saved: github_trace049.pcap  (27 packets)
    Cooling down for 5s...

[*] Trace 50/50 → github_trace050.pcap
[+] Saved: github_trace050.pcap  (27 packets)

[✓] Capture complete — 50 traces saved for 'github'
    → /Users/samiurprrapon/Documents/2026/Fahim/final_project/data/experiment/capture_files

  RESULT: SUCCESS — 50/50 traces collected
  END   : 2026-02-22 05:59:17
========================================
