========================================
  LABEL : wikipedia
  URL   : https://www.wikipedia.org
  IPs   : 103.102.166.224 2001:df2:e500:ed1a::1
  START : 2026-02-22 05:29:37
========================================
  [DNS] Resolving IPs for: www.wikipedia.org
  [DNS] IPv4: 103.102.166.224 
  [DNS] IPv6: 2001:df2:e500:ed1a::1 
  [BPF] Filter: (tcp or udp) and (host 103.102.166.224 or host 2001:df2:e500:ed1a::1)

============================================
  Website Fingerprinting — Traffic Capture
============================================
  Label     : wikipedia
  URL       : https://www.wikipedia.org
  Hostname  : www.wikipedia.org
  Traces    : 50
  Duration  : 30s per trace
  Interface : en0
  Output    : /Users/samiurprrapon/Documents/2026/Fahim/final_project/data/experiment/capture_files
============================================

[*] Trace 1/50 → wikipedia_trace001.pcap
[+] Saved: wikipedia_trace001.pcap  (231 packets)
    Cooling down for 5s...

[*] Trace 2/50 → wikipedia_trace002.pcap
[+] Saved: wikipedia_trace002.pcap  (243 packets)
    Cooling down for 5s...

[*] Trace 3/50 → wikipedia_trace003.pcap
[+] Saved: wikipedia_trace003.pcap  (246 packets)
    Cooling down for 5s...

[*] Trace 4/50 → wikipedia_trace004.pcap
[+] Saved: wikipedia_trace004.pcap  (242 packets)
    Cooling down for 5s...

[*] Trace 5/50 → wikipedia_trace005.pcap
[+] Saved: wikipedia_trace005.pcap  (242 packets)
    Cooling down for 5s...

[*] Trace 6/50 → wikipedia_trace006.pcap
[+] Saved: wikipedia_trace006.pcap  (234 packets)
    Cooling down for 5s...

[*] Trace 7/50 → wikipedia_trace007.pcap
[+] Saved: wikipedia_trace007.pcap  (238 packets)
    Cooling down for 5s...

[*] Trace 8/50 → wikipedia_trace008.pcap
[+] Saved: wikipedia_trace008.pcap  (244 packets)
    Cooling down for 5s...

[*] Trace 9/50 → wikipedia_trace009.pcap
[+] Saved: wikipedia_trace009.pcap  (239 packets)
    Cooling down for 5s...

[*] Trace 10/50 → wikipedia_trace010.pcap
[+] Saved: wikipedia_trace010.pcap  (226 packets)
    Cooling down for 5s...

[*] Trace 11/50 → wikipedia_trace011.pcap
[+] Saved: wikipedia_trace011.pcap  (244 packets)
    Cooling down for 5s...

[*] Trace 12/50 → wikipedia_trace012.pcap
[+] Saved: wikipedia_trace012.pcap  (222 packets)
    Cooling down for 5s...

[*] Trace 13/50 → wikipedia_trace013.pcap
[+] Saved: wikipedia_trace013.pcap  (242 packets)
    Cooling down for 5s...

[*] Trace 14/50 → wikipedia_trace014.pcap
[+] Saved: wikipedia_trace014.pcap  (248 packets)
    Cooling down for 5s...

[*] Trace 15/50 → wikipedia_trace015.pcap
[+] Saved: wikipedia_trace015.pcap  (242 packets)
    Cooling down for 5s...

[*] Trace 16/50 → wikipedia_trace016.pcap
[+] Saved: wikipedia_trace016.pcap  (241 packets)
    Cooling down for 5s...

[*] Trace 17/50 → wikipedia_trace017.pcap
[+] Saved: wikipedia_trace017.pcap  (240 packets)
    Cooling down for 5s...

[*] Trace 18/50 → wikipedia_trace018.pcap
[+] Saved: wikipedia_trace018.pcap  (246 packets)
    Cooling down for 5s...

[*] Trace 19/50 → wikipedia_trace019.pcap
[+] Saved: wikipedia_trace019.pcap  (242 packets)
    Cooling down for 5s...

[*] Trace 20/50 → wikipedia_trace020.pcap
[+] Saved: wikipedia_trace020.pcap  (241 packets)
    Cooling down for 5s...

[*] Trace 21/50 → wikipedia_trace021.pcap
[+] Saved: wikipedia_trace021.pcap  (228 packets)
    Cooling down for 5s...

[*] Trace 22/50 → wikipedia_trace022.pcap
[+] Saved: wikipedia_trace022.pcap  (245 packets)
    Cooling down for 5s...

[*] Trace 23/50 → wikipedia_trace023.pcap
[+] Saved: wikipedia_trace023.pcap  (246 packets)
    Cooling down for 5s...

[*] Trace 24/50 → wikipedia_trace024.pcap
[+] Saved: wikipedia_trace024.pcap  (242 packets)
    Cooling down for 5s...

[*] Trace 25/50 → wikipedia_trace025.pcap
[+] Saved: wikipedia_trace025.pcap  (239 packets)
    Cooling down for 5s...

[*] Trace 26/50 → wikipedia_trace026.pcap
[+] Saved: wikipedia_trace026.pcap  (243 packets)
    Cooling down for 5s...

[*] Trace 27/50 → wikipedia_trace027.pcap
[+] Saved: wikipedia_trace027.pcap  (244 packets)
    Cooling down for 5s...

[*] Trace 28/50 → wikipedia_trace028.pcap
[+] Saved: wikipedia_trace028.pcap  (228 packets)
    Cooling down for 5s...

[*] Trace 29/50 → wikipedia_trace029.pcap
[+] Saved: wikipedia_trace029.pcap  (238 packets)
    Cooling down for 5s...

[*] Trace 30/50 → wikipedia_trace030.pcap
[+] Saved: wikipedia_trace030.pcap  (246 packets)
    Cooling down for 5s...

[*] Trace 31/50 → wikipedia_trace031.pcap
[+] Saved: wikipedia_trace031.pcap  (242 packets)
    Cooling down for 5s...

[*] Trace 32/50 → wikipedia_trace032.pcap
[+] Saved: wikipedia_trace032.pcap  (245 packets)
    Cooling down for 5s...

[*] Trace 33/50 → wikipedia_trace033.pcap
[+] Saved: wikipedia_trace033.pcap  (241 packets)
    Cooling down for 5s...

[*] Trace 34/50 → wikipedia_trace034.pcap
[+] Saved: wikipedia_trace034.pcap  (247 packets)
    Cooling down for 5s...

[*] Trace 35/50 → wikipedia_trace035.pcap
[+] Saved: wikipedia_trace035.pcap  (232 packets)
    Cooling down for 5s...

[*] Trace 36/50 → wikipedia_trace036.pcap
[+] Saved: wikipedia_trace036.pcap  (244 packets)
    Cooling down for 5s...

[*] Trace 37/50 → wikipedia_trace037.pcap
[+] Saved: wikipedia_trace037.pcap  (244 packets)
    Cooling down for 5s...

[*] Trace 38/50 → wikipedia_trace038.pcap
[+] Saved: wikipedia_trace038.pcap  (244 packets)
    Cooling down for 5s...

[*] Trace 39/50 → wikipedia_trace039.pcap
[+] Saved: wikipedia_trace039.pcap  (242 packets)
    Cooling down for 5s...

[*] Trace 40/50 → wikipedia_trace040.pcap
[+] Saved: wikipedia_trace040.pcap  (243 packets)
    Cooling down for 5s...

[*] Trace 41/50 → wikipedia_trace041.pcap
[+] Saved: wikipedia_trace041.pcap  (238 packets)
    Cooling down for 5s...

[*] Trace 42/50 → wikipedia_trace042.pcap
[+] Saved: wikipedia_trace042.pcap  (242 packets)
    Cooling down for 5s...

[*] Trace 43/50 → wikipedia_trace043.pcap
[+] Saved: wikipedia_trace043.pcap  (244 packets)
    Cooling down for 5s...

[*] Trace 44/50 → wikipedia_trace044.pcap
[+] Saved: wikipedia_trace044.pcap  (246 packets)
    Cooling down for 5s...

[*] Trace 45/50 → wikipedia_trace045.pcap
[+] Saved: wikipedia_trace045.pcap  (247 packets)
    Cooling down for 5s...

[*] Trace 46/50 → wikipedia_trace046.pcap
[+] Saved: wikipedia_trace046.pcap  (245 packets)
    Cooling down for 5s...

[*] Trace 47/50 → wikipedia_trace047.pcap
[+] Saved: wikipedia_trace047.pcap  (236 packets)
    Cooling down for 5s...

[*] Trace 48/50 → wikipedia_trace048.pcap
[+] Saved: wikipedia_trace048.pcap  (247 packets)
    Cooling down for 5s...

[*] Trace 49/50 → wikipedia_trace049.pcap
[+] Saved: wikipedia_trace049.pcap  (239 packets)
    Cooling down for 5s...

[*] Trace 50/50 → wikipedia_trace050.pcap
[+] Saved: wikipedia_trace050.pcap  (247 packets)

[✓] Capture complete — 50 traces saved for 'wikipedia'
    → /Users/samiurprrapon/Documents/2026/Fahim/final_project/data/experiment/capture_files

  RESULT: SUCCESS — 50/50 traces collected
  END   : 2026-02-22 05:59:12
========================================
